{
  "RSpec": {
    "coverage": {
      "/home/ineffable-animator-fd37/tic-tac-toe-rb-online-web-sp-000/lib/tic_tac_toe.rb": [
        null,
        1,
        null,
        null,
        null,
        null,
        null,
        null,
        null,
        null,
        null,
        1,
        4,
        4,
        4,
        4,
        4,
        null,
        null,
        null,
        1,
        6,
        null,
        null,
        1,
        5,
        null,
        null,
        1,
        8,
        null,
        null,
        1,
        6,
        3,
        3,
        null,
        null,
        null,
        1,
        4,
        4,
        36,
        5,
        null,
        null,
        4,
        null,
        null,
        1,
        3,
        3,
        3,
        0,
        null,
        null,
        null,
        1,
        2,
        2,
        2,
        null,
        2,
        1,
        1,
        1,
        null,
        null,
        2,
        2,
        null,
        null,
        1,
        16,
        113,
        113,
        113,
        null,
        113,
        220,
        8,
        null,
        null,
        null,
        8,
        null,
        null,
        1,
        6,
        null,
        null,
        1,
        7,
        null,
        null,
        null,
        null,
        null,
        1,
        3,
        1,
        null,
        null,
        1,
        3,
        2,
        null,
        null,
        null,
        null,
        1,
        0,
        null,
        0,
        0,
        null,
        null,
        null,
        null,
        null,
        null,
        null,
        null
      ]
    },
    "timestamp": 1613082670
  }
}
