{
  "RSpec": {
    "coverage": {
      "/home/ineffable-animator-fd37/tic-tac-toe-rb-online-web-sp-000/lib/tic_tac_toe.rb": [
        null,
        1,
        null,
        null,
        null,
        null,
        null,
        null,
        null,
        null,
        null,
        1,
        17,
        17,
        17,
        17,
        17,
        null,
        null,
        null,
        1,
        17,
        null,
        null,
        1,
        17,
        null,
        null,
        1,
        17,
        null,
        null,
        1,
        17,
        17,
        0,
        null,
        null,
        null,
        1,
        17,
        17,
        153,
        26,
        null,
        null,
        17,
        null,
        null,
        1,
        17,
        17,
        11,
        6,
        null,
        null,
        null,
        1,
        17,
        17,
        17,
        null,
        17,
        0,
        0,
        0,
        null,
        null,
        17,
        17,
        null,
        null,
        1,
        47,
        300,
        300,
        300,
        null,
        300,
        588,
        16,
        null,
        null,
        null,
        31,
        null,
        null,
        1,
        16,
        null,
        null,
        1,
        21,
        null,
        null,
        null,
        null,
        null,
        1,
        18,
        10,
        null,
        null,
        1,
        8,
        4,
        null,
        null,
        null,
        null,
        1,
        12,
        17,
        null,
        12,
        3,
        null,
        9,
        null,
        null,
        null,
        null
      ]
    },
    "timestamp": 1613083648
  }
}
